<?xml version="1.0" encoding="UTF-8"?>
<!-- Generated by org.testng.reporters.JUnitReportReporter -->
<testsuite hostname="DESKTOP-HIO7GI7" failures="0" tests="1" name="Com.CRM.QA.Testcases.Homepagetest" time="37.447" errors="0" timestamp="29 Nov 2018 14:33:44 GMT">
  <testcase classname="Com.CRM.QA.Testcases.Homepagetest" name="verifyhomepagetitiletest" time="37.447"/>
</testsuite> <!-- Com.CRM.QA.Testcases.Homepagetest -->
