<?xml version="1.0" encoding="UTF-8"?>
<!-- Generated by org.testng.reporters.JUnitReportReporter -->
<testsuite hostname="DESKTOP-HIO7GI7" failures="0" tests="2" name="Com.CRM.QA.Testcases.Loginpagetest" time="54.800" errors="0" timestamp="27 Nov 2018 15:00:36 GMT">
  <testcase classname="Com.CRM.QA.Testcases.Loginpagetest" name="loginpagetitletest" time="13.186"/>
  <testcase classname="Com.CRM.QA.Testcases.Loginpagetest" name="logintest" time="41.614"/>
</testsuite> <!-- Com.CRM.QA.Testcases.Loginpagetest -->
